This file contains any messages produced by compilers while
running configure, to aid debugging if configure makes a mistake.

It was created by CUnit configure 2.1-2, which was
generated by GNU Autoconf 2.67.  Invocation command line was

  $ ./configure --host=x86_64-w64-mingw32 --prefix=/home/Administrator/CUnit/rel-2.1-w64

## --------- ##
## Platform. ##
## --------- ##

hostname = ParnDeedlit
uname -m = x86_64
uname -r = 3.5.3.x86_64
uname -s = MINGW64_NT-10.0-22631
uname -v = 2024-05-06 06:45 UTC

/usr/bin/uname -p = unknown
/bin/uname -X     = unknown

/bin/arch              = x86_64
/usr/bin/arch -k       = unknown
/usr/convex/getsysinfo = unknown
/usr/bin/hostinfo      = unknown
/bin/machine           = unknown
/usr/bin/oslevel       = unknown
/bin/universe          = unknown

PATH: /mingw64/bin
PATH: /usr/local/bin
PATH: /usr/bin
PATH: /bin
PATH: /c/Windows/System32
PATH: /c/Windows
PATH: /c/Windows/System32/Wbem
PATH: /c/Windows/System32/WindowsPowerShell/v1.0/
PATH: /usr/bin/site_perl
PATH: /usr/bin/vendor_perl
PATH: /usr/bin/core_perl


## ----------- ##
## Core tests. ##
## ----------- ##

configure:2247: loading site script /etc/config.site
| # This file is in public domain.
| # Original author: Karlson2k (Evgeny Grin)
| # Written for MSys2 to help running 'configure' scripts
| 
| # Defaults for MSys2/MinGW64-targeted programs
| 
| # Set proper selfname on bash and fallback to default name on other shells
| test -n "${BASH_SOURCE}" 2>/dev/null && config_site_me="${BASH_SOURCE[0]##*/}" || config_site_me=config.site
| 
| # Set default 'host' to speedup configure
| if test -z "$build_alias"; then
|   build_alias="${MSYSTEM_CHOST}"  && \
|     ${as_echo-echo} "$config_site_me:${as_lineno-$LINENO}: default build_alias set to $build_alias" >&5
| fi
| 
| # Set default 'prefix'
| if ( test -z "$prefix" || test "x$prefix" = "xNONE" ) && \
|     ( test -z "$exec_prefix" || test "x$exec_prefix" = "xNONE" ); then
|   prefix="${MSYSTEM_PREFIX}" && \
|     ${as_echo-echo} "$config_site_me:${as_lineno-$LINENO}: default prefix set to $prefix" >&5
| fi
config.site:13: default build_alias set to x86_64-w64-mingw32
configure:2388: checking for a BSD-compatible install
configure:2456: result: /usr/bin/install -c
configure:2467: checking whether build environment is sane
configure:2517: result: yes
configure:2545: WARNING: `missing' script is too old or missing
configure:2566: checking for x86_64-w64-mingw32-strip
configure:2596: result: no
configure:2606: checking for strip
configure:2622: found /mingw64/bin/strip
configure:2633: result: strip
configure:2658: checking for a thread-safe mkdir -p
configure:2697: result: /usr/bin/mkdir -p
configure:2710: checking for gawk
configure:2726: found /usr/bin/gawk
configure:2737: result: gawk
configure:2748: checking whether make sets $(MAKE)
configure:2770: result: yes
configure:3063: checking for x86_64-w64-mingw32-gcc
configure:3079: found /mingw64/bin/x86_64-w64-mingw32-gcc
configure:3090: result: x86_64-w64-mingw32-gcc
configure:3359: checking for C compiler version
configure:3368: x86_64-w64-mingw32-gcc --version >&5
x86_64-w64-mingw32-gcc.exe (Rev6, Built by MSYS2 project) 13.2.0
Copyright (C) 2023 Free Software Foundation, Inc.
This is free software; see the source for copying conditions.  There is NO
warranty; not even for MERCHANTABILITY or FITNESS FOR A PARTICULAR PURPOSE.

configure:3379: $? = 0
configure:3368: x86_64-w64-mingw32-gcc -v >&5
Using built-in specs.
COLLECT_GCC=C:\msys64\mingw64\bin\x86_64-w64-mingw32-gcc.exe
COLLECT_LTO_WRAPPER=C:/msys64/mingw64/bin/../lib/gcc/x86_64-w64-mingw32/13.2.0/lto-wrapper.exe
Target: x86_64-w64-mingw32
Configured with: ../gcc-13.2.0/configure --prefix=/mingw64 --with-local-prefix=/mingw64/local --build=x86_64-w64-mingw32 --host=x86_64-w64-mingw32 --target=x86_64-w64-mingw32 --with-native-system-header-dir=/mingw64/include --libexecdir=/mingw64/lib --enable-bootstrap --enable-checking=release --with-arch=nocona --with-tune=generic --enable-languages=c,lto,c++,fortran,ada,objc,obj-c++,jit --enable-shared --enable-static --enable-libatomic --enable-threads=posix --enable-graphite --enable-fully-dynamic-string --enable-libstdcxx-filesystem-ts --enable-libstdcxx-time --disable-libstdcxx-pch --enable-lto --enable-libgomp --disable-libssp --disable-multilib --disable-rpath --disable-win32-registry --disable-nls --disable-werror --disable-symvers --with-libiconv --with-system-zlib --with-gmp=/mingw64 --with-mpfr=/mingw64 --with-mpc=/mingw64 --with-isl=/mingw64 --with-pkgversion='Rev6, Built by MSYS2 project' --with-bugurl=https://github.com/msys2/MINGW-packages/issues --with-gnu-as --with-gnu-ld --disable-libstdcxx-debug --enable-plugin --with-boot-ldflags=-static-libstdc++ --with-stage1-ldflags=-static-libstdc++
Thread model: posix
Supported LTO compression algorithms: zlib zstd
gcc version 13.2.0 (Rev6, Built by MSYS2 project) 
configure:3379: $? = 0
configure:3368: x86_64-w64-mingw32-gcc -V >&5
x86_64-w64-mingw32-gcc.exe: error: unrecognized command-line option '-V'
x86_64-w64-mingw32-gcc.exe: fatal error: no input files
compilation terminated.
configure:3379: $? = 1
configure:3368: x86_64-w64-mingw32-gcc -qversion >&5
x86_64-w64-mingw32-gcc.exe: error: unrecognized command-line option '-qversion'; did you mean '--version'?
x86_64-w64-mingw32-gcc.exe: fatal error: no input files
compilation terminated.
configure:3379: $? = 1
configure:3399: checking whether the C compiler works
configure:3421: x86_64-w64-mingw32-gcc  -DRELEASE=@RELEASE@ -Wall -W -pedantic -Wshadow -ansi -I/home/Administrator/CUnit/CUnit/Headers   -L/home/Administrator/CUnit/CUnit/Sources conftest.c  >&5
configure:3425: $? = 0
configure:3473: result: yes
configure:3476: checking for C compiler default output file name
configure:3478: result: a.exe
configure:3484: checking for suffix of executables
configure:3491: x86_64-w64-mingw32-gcc -o conftest.exe  -DRELEASE=@RELEASE@ -Wall -W -pedantic -Wshadow -ansi -I/home/Administrator/CUnit/CUnit/Headers   -L/home/Administrator/CUnit/CUnit/Sources conftest.c  >&5
configure:3495: $? = 0
configure:3517: result: .exe
configure:3539: checking whether we are cross compiling
configure:3547: x86_64-w64-mingw32-gcc -o conftest.exe  -DRELEASE=@RELEASE@ -Wall -W -pedantic -Wshadow -ansi -I/home/Administrator/CUnit/CUnit/Headers   -L/home/Administrator/CUnit/CUnit/Sources conftest.c  >&5
configure:3551: $? = 0
configure:3558: ./conftest.exe
configure:3562: $? = 0
configure:3577: result: no
configure:3582: checking for suffix of object files
configure:3604: x86_64-w64-mingw32-gcc -c  -DRELEASE=@RELEASE@ -Wall -W -pedantic -Wshadow -ansi -I/home/Administrator/CUnit/CUnit/Headers  conftest.c >&5
configure:3608: $? = 0
configure:3629: result: o
configure:3633: checking whether we are using the GNU C compiler
configure:3652: x86_64-w64-mingw32-gcc -c  -DRELEASE=@RELEASE@ -Wall -W -pedantic -Wshadow -ansi -I/home/Administrator/CUnit/CUnit/Headers  conftest.c >&5
configure:3652: $? = 0
configure:3661: result: yes
configure:3670: checking whether x86_64-w64-mingw32-gcc accepts -g
configure:3690: x86_64-w64-mingw32-gcc -c -g  conftest.c >&5
configure:3690: $? = 0
configure:3731: result: yes
configure:3748: checking for x86_64-w64-mingw32-gcc option to accept ISO C89
configure:3812: x86_64-w64-mingw32-gcc  -c  -DRELEASE=@RELEASE@ -Wall -W -pedantic -Wshadow -ansi -I/home/Administrator/CUnit/CUnit/Headers  conftest.c >&5
configure:3812: $? = 0
configure:3825: result: none needed
configure:3856: checking for style of include used by make
configure:3884: result: GNU
configure:3909: checking dependency style of x86_64-w64-mingw32-gcc
configure:4019: result: gcc3
configure:4035: checking whether make sets $(MAKE)
configure:4057: result: yes
configure:4095: checking build system type
configure:4109: result: x86_64-w64-mingw32
configure:4129: checking host system type
configure:4142: result: x86_64-w64-mingw32
configure:4162: checking for a sed that does not truncate output
configure:4226: result: /usr/bin/sed
configure:4244: checking for grep that handles long lines and -e
configure:4302: result: /usr/bin/grep
configure:4307: checking for egrep
configure:4369: result: /usr/bin/grep -E
configure:4374: checking for fgrep
configure:4436: result: /usr/bin/grep -F
configure:4471: checking for ld used by x86_64-w64-mingw32-gcc
configure:4538: result: C:/msys64/mingw64/x86_64-w64-mingw32/bin/ld.exe
configure:4545: checking if the linker (C:/msys64/mingw64/x86_64-w64-mingw32/bin/ld.exe) is GNU ld
configure:4560: result: yes
configure:4572: checking for BSD- or MS-compatible name lister (nm)
configure:4621: result: /mingw64/bin/nm -B
configure:4739: checking the name lister (/mingw64/bin/nm -B) interface
configure:4746: x86_64-w64-mingw32-gcc -c  -DRELEASE=@RELEASE@ -Wall -W -pedantic -Wshadow -ansi -I/home/Administrator/CUnit/CUnit/Headers  conftest.c >&5
configure:4749: /mingw64/bin/nm -B "conftest.o"
configure:4752: output
0000000000000000 b .bss
0000000000000000 d .data
0000000000000000 r .rdata$zzz
0000000000000000 t .text
0000000000000000 B some_variable
configure:4759: result: BSD nm
configure:4762: checking whether ln -s works
configure:4769: result: no, using cp -p
configure:4774: checking the maximum length of command line arguments
configure:4894: result: 8192
configure:4911: checking whether the shell understands some XSI constructs
configure:4921: result: yes
configure:4925: checking whether the shell understands "+="
configure:4931: result: yes
configure:4966: checking for C:/msys64/mingw64/x86_64-w64-mingw32/bin/ld.exe option to reload object files
configure:4973: result: -r
configure:5002: checking for x86_64-w64-mingw32-objdump
configure:5032: result: no
configure:5042: checking for objdump
configure:5058: found /mingw64/bin/objdump
configure:5069: result: objdump
configure:5101: checking how to recognize dependent libraries
configure:5297: result: file_magic ^x86 archive import|^x86 DLL
configure:5317: checking for x86_64-w64-mingw32-ar
configure:5347: result: no
configure:5357: checking for ar
configure:5373: found /mingw64/bin/ar
configure:5384: result: ar
configure:5422: checking for x86_64-w64-mingw32-strip
configure:5449: result: strip
configure:5521: checking for x86_64-w64-mingw32-ranlib
configure:5551: result: no
configure:5561: checking for ranlib
configure:5577: found /mingw64/bin/ranlib
configure:5588: result: ranlib
configure:5678: checking command to parse /mingw64/bin/nm -B output from x86_64-w64-mingw32-gcc object
configure:5796: x86_64-w64-mingw32-gcc -c  -DRELEASE=@RELEASE@ -Wall -W -pedantic -Wshadow -ansi -I/home/Administrator/CUnit/CUnit/Headers  conftest.c >&5
configure:5799: $? = 0
configure:5803: /mingw64/bin/nm -B conftest.o \| sed -n -e 's/^.*[	 ]\([ABCDGIRSTW][ABCDGIRSTW]*\)[	 ][	 ]*\([_A-Za-z][_A-Za-z0-9]*\)\{0,1\}$/\1 \2 \2/p' \> conftest.nm
configure:5806: $? = 0
configure:5860: x86_64-w64-mingw32-gcc -o conftest.exe  -DRELEASE=@RELEASE@ -Wall -W -pedantic -Wshadow -ansi -I/home/Administrator/CUnit/CUnit/Headers   -L/home/Administrator/CUnit/CUnit/Sources conftest.c conftstm.o >&5
conftest.c:17:20: warning: ISO C forbids conversion of function pointer to object pointer type [-Wpedantic]
   17 |   {"nm_test_func", (void *) &nm_test_func},
      |                    ^
configure:5863: $? = 0
configure:5901: result: ok
configure:6710: checking how to run the C preprocessor
configure:6741: x86_64-w64-mingw32-gcc -E  conftest.c
configure:6741: $? = 0
configure:6755: x86_64-w64-mingw32-gcc -E  conftest.c
conftest.c:11:10: fatal error: ac_nonexistent.h: No such file or directory
   11 | #include <ac_nonexistent.h>
      |          ^~~~~~~~~~~~~~~~~~
compilation terminated.
configure:6755: $? = 1
configure: failed program was:
| /* confdefs.h */
| #define PACKAGE_NAME "CUnit"
| #define PACKAGE_TARNAME "cunit"
| #define PACKAGE_VERSION "2.1-2"
| #define PACKAGE_STRING "CUnit 2.1-2"
| #define PACKAGE_BUGREPORT ""
| #define PACKAGE_URL ""
| #define PACKAGE "CUnit"
| #define VERSION "2.1-2"
| /* end confdefs.h.  */
| #include <ac_nonexistent.h>
configure:6780: result: x86_64-w64-mingw32-gcc -E
configure:6800: x86_64-w64-mingw32-gcc -E  conftest.c
configure:6800: $? = 0
configure:6814: x86_64-w64-mingw32-gcc -E  conftest.c
conftest.c:11:10: fatal error: ac_nonexistent.h: No such file or directory
   11 | #include <ac_nonexistent.h>
      |          ^~~~~~~~~~~~~~~~~~
compilation terminated.
configure:6814: $? = 1
configure: failed program was:
| /* confdefs.h */
| #define PACKAGE_NAME "CUnit"
| #define PACKAGE_TARNAME "cunit"
| #define PACKAGE_VERSION "2.1-2"
| #define PACKAGE_STRING "CUnit 2.1-2"
| #define PACKAGE_BUGREPORT ""
| #define PACKAGE_URL ""
| #define PACKAGE "CUnit"
| #define VERSION "2.1-2"
| /* end confdefs.h.  */
| #include <ac_nonexistent.h>
configure:6843: checking for ANSI C header files
configure:6863: x86_64-w64-mingw32-gcc -c  -DRELEASE=@RELEASE@ -Wall -W -pedantic -Wshadow -ansi -I/home/Administrator/CUnit/CUnit/Headers  conftest.c >&5
configure:6863: $? = 0
configure:6936: x86_64-w64-mingw32-gcc -o conftest.exe  -DRELEASE=@RELEASE@ -Wall -W -pedantic -Wshadow -ansi -I/home/Administrator/CUnit/CUnit/Headers   -L/home/Administrator/CUnit/CUnit/Sources conftest.c  >&5
configure:6936: $? = 0
configure:6936: ./conftest.exe
configure:6936: $? = 0
configure:6947: result: yes
configure:6960: checking for sys/types.h
configure:6960: x86_64-w64-mingw32-gcc -c  -DRELEASE=@RELEASE@ -Wall -W -pedantic -Wshadow -ansi -I/home/Administrator/CUnit/CUnit/Headers  conftest.c >&5
configure:6960: $? = 0
configure:6960: result: yes
configure:6960: checking for sys/stat.h
configure:6960: x86_64-w64-mingw32-gcc -c  -DRELEASE=@RELEASE@ -Wall -W -pedantic -Wshadow -ansi -I/home/Administrator/CUnit/CUnit/Headers  conftest.c >&5
configure:6960: $? = 0
configure:6960: result: yes
configure:6960: checking for stdlib.h
configure:6960: x86_64-w64-mingw32-gcc -c  -DRELEASE=@RELEASE@ -Wall -W -pedantic -Wshadow -ansi -I/home/Administrator/CUnit/CUnit/Headers  conftest.c >&5
configure:6960: $? = 0
configure:6960: result: yes
configure:6960: checking for string.h
configure:6960: x86_64-w64-mingw32-gcc -c  -DRELEASE=@RELEASE@ -Wall -W -pedantic -Wshadow -ansi -I/home/Administrator/CUnit/CUnit/Headers  conftest.c >&5
configure:6960: $? = 0
configure:6960: result: yes
configure:6960: checking for memory.h
configure:6960: x86_64-w64-mingw32-gcc -c  -DRELEASE=@RELEASE@ -Wall -W -pedantic -Wshadow -ansi -I/home/Administrator/CUnit/CUnit/Headers  conftest.c >&5
configure:6960: $? = 0
configure:6960: result: yes
configure:6960: checking for strings.h
configure:6960: x86_64-w64-mingw32-gcc -c  -DRELEASE=@RELEASE@ -Wall -W -pedantic -Wshadow -ansi -I/home/Administrator/CUnit/CUnit/Headers  conftest.c >&5
configure:6960: $? = 0
configure:6960: result: yes
configure:6960: checking for inttypes.h
configure:6960: x86_64-w64-mingw32-gcc -c  -DRELEASE=@RELEASE@ -Wall -W -pedantic -Wshadow -ansi -I/home/Administrator/CUnit/CUnit/Headers  conftest.c >&5
configure:6960: $? = 0
configure:6960: result: yes
configure:6960: checking for stdint.h
configure:6960: x86_64-w64-mingw32-gcc -c  -DRELEASE=@RELEASE@ -Wall -W -pedantic -Wshadow -ansi -I/home/Administrator/CUnit/CUnit/Headers  conftest.c >&5
configure:6960: $? = 0
configure:6960: result: yes
configure:6960: checking for unistd.h
configure:6960: x86_64-w64-mingw32-gcc -c  -DRELEASE=@RELEASE@ -Wall -W -pedantic -Wshadow -ansi -I/home/Administrator/CUnit/CUnit/Headers  conftest.c >&5
configure:6960: $? = 0
configure:6960: result: yes
configure:6974: checking for dlfcn.h
configure:6974: x86_64-w64-mingw32-gcc -c  -DRELEASE=@RELEASE@ -Wall -W -pedantic -Wshadow -ansi -I/home/Administrator/CUnit/CUnit/Headers  conftest.c >&5
conftest.c:55:10: fatal error: dlfcn.h: No such file or directory
   55 | #include <dlfcn.h>
      |          ^~~~~~~~~
compilation terminated.
configure:6974: $? = 1
configure: failed program was:
| /* confdefs.h */
| #define PACKAGE_NAME "CUnit"
| #define PACKAGE_TARNAME "cunit"
| #define PACKAGE_VERSION "2.1-2"
| #define PACKAGE_STRING "CUnit 2.1-2"
| #define PACKAGE_BUGREPORT ""
| #define PACKAGE_URL ""
| #define PACKAGE "CUnit"
| #define VERSION "2.1-2"
| #define STDC_HEADERS 1
| #define HAVE_SYS_TYPES_H 1
| #define HAVE_SYS_STAT_H 1
| #define HAVE_STDLIB_H 1
| #define HAVE_STRING_H 1
| #define HAVE_MEMORY_H 1
| #define HAVE_STRINGS_H 1
| #define HAVE_INTTYPES_H 1
| #define HAVE_STDINT_H 1
| #define HAVE_UNISTD_H 1
| /* end confdefs.h.  */
| #include <stdio.h>
| #ifdef HAVE_SYS_TYPES_H
| # include <sys/types.h>
| #endif
| #ifdef HAVE_SYS_STAT_H
| # include <sys/stat.h>
| #endif
| #ifdef STDC_HEADERS
| # include <stdlib.h>
| # include <stddef.h>
| #else
| # ifdef HAVE_STDLIB_H
| #  include <stdlib.h>
| # endif
| #endif
| #ifdef HAVE_STRING_H
| # if !defined STDC_HEADERS && defined HAVE_MEMORY_H
| #  include <memory.h>
| # endif
| # include <string.h>
| #endif
| #ifdef HAVE_STRINGS_H
| # include <strings.h>
| #endif
| #ifdef HAVE_INTTYPES_H
| # include <inttypes.h>
| #endif
| #ifdef HAVE_STDINT_H
| # include <stdint.h>
| #endif
| #ifdef HAVE_UNISTD_H
| # include <unistd.h>
| #endif
| 
| #include <dlfcn.h>
configure:6974: result: no
configure:7158: checking for objdir
configure:7173: result: .libs
configure:7465: checking if x86_64-w64-mingw32-gcc supports -fno-rtti -fno-exceptions
configure:7483: x86_64-w64-mingw32-gcc -c  -DRELEASE=@RELEASE@ -Wall -W -pedantic -Wshadow -ansi -I/home/Administrator/CUnit/CUnit/Headers  -fno-rtti -fno-exceptions conftest.c >&5
cc1.exe: warning: command-line option '-fno-rtti' is valid for C++/D/ObjC++ but not for C
configure:7487: $? = 0
configure:7500: result: no
configure:7520: checking for x86_64-w64-mingw32-gcc option to produce PIC
configure:7792: result: -DDLL_EXPORT -DPIC
configure:7804: checking if x86_64-w64-mingw32-gcc PIC flag -DDLL_EXPORT -DPIC works
configure:7822: x86_64-w64-mingw32-gcc -c  -DRELEASE=@RELEASE@ -Wall -W -pedantic -Wshadow -ansi -I/home/Administrator/CUnit/CUnit/Headers  -DDLL_EXPORT -DPIC -DPIC conftest.c >&5
configure:7826: $? = 0
configure:7839: result: yes
configure:7863: checking if x86_64-w64-mingw32-gcc static flag -static works
configure:7891: result: yes
configure:7906: checking if x86_64-w64-mingw32-gcc supports -c -o file.o
configure:7927: x86_64-w64-mingw32-gcc -c  -DRELEASE=@RELEASE@ -Wall -W -pedantic -Wshadow -ansi -I/home/Administrator/CUnit/CUnit/Headers  -o out/conftest2.o conftest.c >&5
configure:7931: $? = 0
configure:7953: result: yes
configure:7961: checking if x86_64-w64-mingw32-gcc supports -c -o file.o
configure:8008: result: yes
configure:8041: checking whether the x86_64-w64-mingw32-gcc linker (C:/msys64/mingw64/x86_64-w64-mingw32/bin/ld.exe) supports shared libraries
configure:9032: result: yes
configure:9069: checking whether -lc should be explicitly linked in
configure:9074: x86_64-w64-mingw32-gcc -c  -DRELEASE=@RELEASE@ -Wall -W -pedantic -Wshadow -ansi -I/home/Administrator/CUnit/CUnit/Headers  conftest.c >&5
configure:9077: $? = 0
configure:9092: x86_64-w64-mingw32-gcc -shared conftest.o  -v -o ./conftest -Wl,--enable-auto-image-base -Xlinker --out-implib -Xlinker conftest 2\>\&1 \| /usr/bin/grep  -lc  \>/dev/null 2\>\&1
configure:9095: $? = 1
configure:9107: result: yes
configure:9271: checking dynamic linker characteristics
configure:9934: result: Win32 ld.exe
configure:10036: checking how to hardcode library paths into programs
configure:10061: result: immediate
configure:10581: checking whether stripping libraries is possible
configure:10586: result: yes
configure:10621: checking if libtool supports shared libraries
configure:10623: result: yes
configure:10626: checking whether to build shared libraries
configure:10647: result: yes
configure:10650: checking whether to build static libraries
configure:10654: result: yes
configure:10690: checking for main in -lc
configure:10709: x86_64-w64-mingw32-gcc -o conftest.exe  -DRELEASE=@RELEASE@ -Wall -W -pedantic -Wshadow -ansi -I/home/Administrator/CUnit/CUnit/Headers   -L/home/Administrator/CUnit/CUnit/Sources conftest.c -lc   >&5
conftest.c: In function 'main':
conftest.c:25:1: warning: infinite recursion detected [-Winfinite-recursion]
   25 | main ()
      | ^~~~
conftest.c:27:8: note: recursive call
   27 | return main ();
      |        ^~~~~~~
C:/msys64/mingw64/bin/../lib/gcc/x86_64-w64-mingw32/13.2.0/../../../../x86_64-w64-mingw32/bin/ld.exe: cannot find -lc: No such file or directory
collect2.exe: error: ld returned 1 exit status
configure:10709: $? = 1
configure: failed program was:
| /* confdefs.h */
| #define PACKAGE_NAME "CUnit"
| #define PACKAGE_TARNAME "cunit"
| #define PACKAGE_VERSION "2.1-2"
| #define PACKAGE_STRING "CUnit 2.1-2"
| #define PACKAGE_BUGREPORT ""
| #define PACKAGE_URL ""
| #define PACKAGE "CUnit"
| #define VERSION "2.1-2"
| #define STDC_HEADERS 1
| #define HAVE_SYS_TYPES_H 1
| #define HAVE_SYS_STAT_H 1
| #define HAVE_STDLIB_H 1
| #define HAVE_STRING_H 1
| #define HAVE_MEMORY_H 1
| #define HAVE_STRINGS_H 1
| #define HAVE_INTTYPES_H 1
| #define HAVE_STDINT_H 1
| #define HAVE_UNISTD_H 1
| #define LT_OBJDIR ".libs/"
| /* end confdefs.h.  */
| 
| 
| int
| main ()
| {
| return main ();
|   ;
|   return 0;
| }
configure:10718: result: no
configure:10835: checking for malloc
configure:10835: x86_64-w64-mingw32-gcc -o conftest.exe  -DRELEASE=@RELEASE@ -Wall -W -pedantic -Wshadow -ansi -I/home/Administrator/CUnit/CUnit/Headers   -L/home/Administrator/CUnit/CUnit/Sources conftest.c  >&5
conftest.c:45:6: warning: conflicting types for built-in function 'malloc'; expected 'void *(long long unsigned int)' [-Wbuiltin-declaration-mismatch]
   45 | char malloc ();
      |      ^~~~~~
conftest.c:33:1: note: 'malloc' is declared in header '<stdlib.h>'
   32 | # include <limits.h>
   33 | #else
configure:10835: $? = 0
configure:10835: result: yes
configure:10842: checking for free
configure:10842: x86_64-w64-mingw32-gcc -o conftest.exe  -DRELEASE=@RELEASE@ -Wall -W -pedantic -Wshadow -ansi -I/home/Administrator/CUnit/CUnit/Headers   -L/home/Administrator/CUnit/CUnit/Sources conftest.c  >&5
conftest.c:45:6: warning: conflicting types for built-in function 'free'; expected 'void(void *)' [-Wbuiltin-declaration-mismatch]
   45 | char free ();
      |      ^~~~
conftest.c:33:1: note: 'free' is declared in header '<stdlib.h>'
   32 | # include <limits.h>
   33 | #else
configure:10842: $? = 0
configure:10842: result: yes
configure:10849: checking for calloc
configure:10849: x86_64-w64-mingw32-gcc -o conftest.exe  -DRELEASE=@RELEASE@ -Wall -W -pedantic -Wshadow -ansi -I/home/Administrator/CUnit/CUnit/Headers   -L/home/Administrator/CUnit/CUnit/Sources conftest.c  >&5
conftest.c:45:6: warning: conflicting types for built-in function 'calloc'; expected 'void *(long long unsigned int,  long long unsigned int)' [-Wbuiltin-declaration-mismatch]
   45 | char calloc ();
      |      ^~~~~~
conftest.c:33:1: note: 'calloc' is declared in header '<stdlib.h>'
   32 | # include <limits.h>
   33 | #else
configure:10849: $? = 0
configure:10849: result: yes
configure:10856: checking for realloc
configure:10856: x86_64-w64-mingw32-gcc -o conftest.exe  -DRELEASE=@RELEASE@ -Wall -W -pedantic -Wshadow -ansi -I/home/Administrator/CUnit/CUnit/Headers   -L/home/Administrator/CUnit/CUnit/Sources conftest.c  >&5
conftest.c:45:6: warning: conflicting types for built-in function 'realloc'; expected 'void *(void *, long long unsigned int)' [-Wbuiltin-declaration-mismatch]
   45 | char realloc ();
      |      ^~~~~~~
conftest.c:33:1: note: 'realloc' is declared in header '<stdlib.h>'
   32 | # include <limits.h>
   33 | #else
configure:10856: $? = 0
configure:10856: result: yes
configure:10864: checking for strcpy
configure:10864: x86_64-w64-mingw32-gcc -o conftest.exe  -DRELEASE=@RELEASE@ -Wall -W -pedantic -Wshadow -ansi -I/home/Administrator/CUnit/CUnit/Headers   -L/home/Administrator/CUnit/CUnit/Sources conftest.c  >&5
conftest.c:45:6: warning: conflicting types for built-in function 'strcpy'; expected 'char *(char *, const char *)' [-Wbuiltin-declaration-mismatch]
   45 | char strcpy ();
      |      ^~~~~~
conftest.c:33:1: note: 'strcpy' is declared in header '<string.h>'
   32 | # include <limits.h>
   33 | #else
configure:10864: $? = 0
configure:10864: result: yes
configure:10871: checking for strerror
configure:10871: x86_64-w64-mingw32-gcc -o conftest.exe  -DRELEASE=@RELEASE@ -Wall -W -pedantic -Wshadow -ansi -I/home/Administrator/CUnit/CUnit/Headers   -L/home/Administrator/CUnit/CUnit/Sources conftest.c  >&5
configure:10871: $? = 0
configure:10871: result: yes
configure:10879: checking for fopen
configure:10879: x86_64-w64-mingw32-gcc -o conftest.exe  -DRELEASE=@RELEASE@ -Wall -W -pedantic -Wshadow -ansi -I/home/Administrator/CUnit/CUnit/Headers   -L/home/Administrator/CUnit/CUnit/Sources conftest.c  >&5
configure:10879: $? = 0
configure:10879: result: yes
configure:10886: checking for fclose
configure:10886: x86_64-w64-mingw32-gcc -o conftest.exe  -DRELEASE=@RELEASE@ -Wall -W -pedantic -Wshadow -ansi -I/home/Administrator/CUnit/CUnit/Headers   -L/home/Administrator/CUnit/CUnit/Sources conftest.c  >&5
configure:10886: $? = 0
configure:10886: result: yes
configure:10893: checking for fprintf
configure:10893: x86_64-w64-mingw32-gcc -o conftest.exe  -DRELEASE=@RELEASE@ -Wall -W -pedantic -Wshadow -ansi -I/home/Administrator/CUnit/CUnit/Headers   -L/home/Administrator/CUnit/CUnit/Sources conftest.c  >&5
conftest.c:45:6: warning: conflicting types for built-in function 'fprintf'; expected 'int(void *, const char *, ...)' [-Wbuiltin-declaration-mismatch]
   45 | char fprintf ();
      |      ^~~~~~~
conftest.c:33:1: note: 'fprintf' is declared in header '<stdio.h>'
   32 | # include <limits.h>
   33 | #else
configure:10893: $? = 0
configure:10893: result: yes
configure:10900: checking for setvbuf
configure:10900: x86_64-w64-mingw32-gcc -o conftest.exe  -DRELEASE=@RELEASE@ -Wall -W -pedantic -Wshadow -ansi -I/home/Administrator/CUnit/CUnit/Headers   -L/home/Administrator/CUnit/CUnit/Sources conftest.c  >&5
configure:10900: $? = 0
configure:10900: result: yes
configure:10908: checking for time
configure:10908: x86_64-w64-mingw32-gcc -o conftest.exe  -DRELEASE=@RELEASE@ -Wall -W -pedantic -Wshadow -ansi -I/home/Administrator/CUnit/CUnit/Headers   -L/home/Administrator/CUnit/CUnit/Sources conftest.c  >&5
configure:10908: $? = 0
configure:10908: result: yes
configure:10915: checking for ctime
configure:10915: x86_64-w64-mingw32-gcc -o conftest.exe  -DRELEASE=@RELEASE@ -Wall -W -pedantic -Wshadow -ansi -I/home/Administrator/CUnit/CUnit/Headers   -L/home/Administrator/CUnit/CUnit/Sources conftest.c  >&5
configure:10915: $? = 0
configure:10915: result: yes
configure:10923: checking for ANSI C header files
configure:11027: result: yes
configure:11037: checking assert.h usability
configure:11037: x86_64-w64-mingw32-gcc -c  -DRELEASE=@RELEASE@ -Wall -W -pedantic -Wshadow -ansi -I/home/Administrator/CUnit/CUnit/Headers  conftest.c >&5
configure:11037: $? = 0
configure:11037: result: yes
configure:11037: checking assert.h presence
configure:11037: x86_64-w64-mingw32-gcc -E  conftest.c
configure:11037: $? = 0
configure:11037: result: yes
configure:11037: checking for assert.h
configure:11037: result: yes
configure:11049: checking ctype.h usability
configure:11049: x86_64-w64-mingw32-gcc -c  -DRELEASE=@RELEASE@ -Wall -W -pedantic -Wshadow -ansi -I/home/Administrator/CUnit/CUnit/Headers  conftest.c >&5
configure:11049: $? = 0
configure:11049: result: yes
configure:11049: checking ctype.h presence
configure:11049: x86_64-w64-mingw32-gcc -E  conftest.c
configure:11049: $? = 0
configure:11049: result: yes
configure:11049: checking for ctype.h
configure:11049: result: yes
configure:11061: checking math.h usability
configure:11061: x86_64-w64-mingw32-gcc -c  -DRELEASE=@RELEASE@ -Wall -W -pedantic -Wshadow -ansi -I/home/Administrator/CUnit/CUnit/Headers  conftest.c >&5
configure:11061: $? = 0
configure:11061: result: yes
configure:11061: checking math.h presence
configure:11061: x86_64-w64-mingw32-gcc -E  conftest.c
configure:11061: $? = 0
configure:11061: result: yes
configure:11061: checking for math.h
configure:11061: result: yes
configure:11073: checking file.h usability
configure:11073: x86_64-w64-mingw32-gcc -c  -DRELEASE=@RELEASE@ -Wall -W -pedantic -Wshadow -ansi -I/home/Administrator/CUnit/CUnit/Headers  conftest.c >&5
conftest.c:59:10: fatal error: file.h: No such file or directory
   59 | #include <file.h>
      |          ^~~~~~~~
compilation terminated.
configure:11073: $? = 1
configure: failed program was:
| /* confdefs.h */
| #define PACKAGE_NAME "CUnit"
| #define PACKAGE_TARNAME "cunit"
| #define PACKAGE_VERSION "2.1-2"
| #define PACKAGE_STRING "CUnit 2.1-2"
| #define PACKAGE_BUGREPORT ""
| #define PACKAGE_URL ""
| #define PACKAGE "CUnit"
| #define VERSION "2.1-2"
| #define STDC_HEADERS 1
| #define HAVE_SYS_TYPES_H 1
| #define HAVE_SYS_STAT_H 1
| #define HAVE_STDLIB_H 1
| #define HAVE_STRING_H 1
| #define HAVE_MEMORY_H 1
| #define HAVE_STRINGS_H 1
| #define HAVE_INTTYPES_H 1
| #define HAVE_STDINT_H 1
| #define HAVE_UNISTD_H 1
| #define LT_OBJDIR ".libs/"
| #define STDC_HEADERS 1
| #define HAVE_ASSERT_H 1
| #define HAVE_CTYPE_H 1
| #define HAVE_MATH_H 1
| /* end confdefs.h.  */
| #include <stdio.h>
| #ifdef HAVE_SYS_TYPES_H
| # include <sys/types.h>
| #endif
| #ifdef HAVE_SYS_STAT_H
| # include <sys/stat.h>
| #endif
| #ifdef STDC_HEADERS
| # include <stdlib.h>
| # include <stddef.h>
| #else
| # ifdef HAVE_STDLIB_H
| #  include <stdlib.h>
| # endif
| #endif
| #ifdef HAVE_STRING_H
| # if !defined STDC_HEADERS && defined HAVE_MEMORY_H
| #  include <memory.h>
| # endif
| # include <string.h>
| #endif
| #ifdef HAVE_STRINGS_H
| # include <strings.h>
| #endif
| #ifdef HAVE_INTTYPES_H
| # include <inttypes.h>
| #endif
| #ifdef HAVE_STDINT_H
| # include <stdint.h>
| #endif
| #ifdef HAVE_UNISTD_H
| # include <unistd.h>
| #endif
| #include <file.h>
configure:11073: result: no
configure:11073: checking file.h presence
configure:11073: x86_64-w64-mingw32-gcc -E  conftest.c
conftest.c:26:10: fatal error: file.h: No such file or directory
   26 | #include <file.h>
      |          ^~~~~~~~
compilation terminated.
configure:11073: $? = 1
configure: failed program was:
| /* confdefs.h */
| #define PACKAGE_NAME "CUnit"
| #define PACKAGE_TARNAME "cunit"
| #define PACKAGE_VERSION "2.1-2"
| #define PACKAGE_STRING "CUnit 2.1-2"
| #define PACKAGE_BUGREPORT ""
| #define PACKAGE_URL ""
| #define PACKAGE "CUnit"
| #define VERSION "2.1-2"
| #define STDC_HEADERS 1
| #define HAVE_SYS_TYPES_H 1
| #define HAVE_SYS_STAT_H 1
| #define HAVE_STDLIB_H 1
| #define HAVE_STRING_H 1
| #define HAVE_MEMORY_H 1
| #define HAVE_STRINGS_H 1
| #define HAVE_INTTYPES_H 1
| #define HAVE_STDINT_H 1
| #define HAVE_UNISTD_H 1
| #define LT_OBJDIR ".libs/"
| #define STDC_HEADERS 1
| #define HAVE_ASSERT_H 1
| #define HAVE_CTYPE_H 1
| #define HAVE_MATH_H 1
| /* end confdefs.h.  */
| #include <file.h>
configure:11073: result: no
configure:11073: checking for file.h
configure:11073: result: no
configure:11085: checking stdio.h usability
configure:11085: x86_64-w64-mingw32-gcc -c  -DRELEASE=@RELEASE@ -Wall -W -pedantic -Wshadow -ansi -I/home/Administrator/CUnit/CUnit/Headers  conftest.c >&5
configure:11085: $? = 0
configure:11085: result: yes
configure:11085: checking stdio.h presence
configure:11085: x86_64-w64-mingw32-gcc -E  conftest.c
configure:11085: $? = 0
configure:11085: result: yes
configure:11085: checking for stdio.h
configure:11085: result: yes
configure:11097: checking for stdlib.h
configure:11097: result: yes
configure:11109: checking for string.h
configure:11109: result: yes
configure:11123: checking for an ANSI C-conforming const
configure:11188: x86_64-w64-mingw32-gcc -c  -DRELEASE=@RELEASE@ -Wall -W -pedantic -Wshadow -ansi -I/home/Administrator/CUnit/CUnit/Headers  conftest.c >&5
conftest.c: In function 'main':
conftest.c:58:7: warning: 't' is used uninitialized [-Wuninitialized]
   58 |     *t++ = 0;
      |      ~^~
conftest.c:55:11: note: 't' was declared here
   55 |     char *t;
      |           ^
conftest.c:74:23: warning: 'b' is used uninitialized [-Wuninitialized]
   74 |     struct s *b; b->j = 5;
      |                  ~~~~~^~~
conftest.c:74:15: note: 'b' was declared here
   74 |     struct s *b; b->j = 5;
      |               ^
conftest.c:80:13: warning: 'cs' is used uninitialized [-Wuninitialized]
   80 |   return !cs[0] && !zero.x;
      |           ~~^~~
conftest.c:37:17: note: 'cs' declared here
   37 |   const charset cs;
      |                 ^~
configure:11188: $? = 0
configure:11195: result: yes
configure:11366: creating ./config.status

## ---------------------- ##
## Running config.status. ##
## ---------------------- ##

This file was extended by CUnit config.status 2.1-2, which was
generated by GNU Autoconf 2.67.  Invocation command line was

  CONFIG_FILES    = 
  CONFIG_HEADERS  = 
  CONFIG_LINKS    = 
  CONFIG_COMMANDS = 
  $ ./config.status 

on ParnDeedlit

config.status:1140: creating Jamrules
config.status:1140: creating Makefile
config.status:1140: creating CUnit.spec
config.status:1140: creating cunit.pc
config.status:1140: creating CUnit/Makefile
config.status:1140: creating CUnit/Headers/Makefile
config.status:1140: creating CUnit/Headers/CUnit.h
config.status:1140: creating CUnit/Sources/Makefile
config.status:1140: creating CUnit/Sources/Framework/Makefile
config.status:1140: creating CUnit/Sources/Automated/Makefile
config.status:1140: creating CUnit/Sources/Basic/Makefile
config.status:1140: creating CUnit/Sources/Console/Makefile
config.status:1140: creating CUnit/Sources/Curses/Makefile
config.status:1140: creating CUnit/Sources/Test/Makefile
config.status:1140: creating doc/Makefile
config.status:1140: creating doc/headers/Makefile
config.status:1140: creating Examples/Makefile
config.status:1140: creating Examples/AutomatedTest/Makefile
config.status:1140: creating Examples/BasicTest/Makefile
config.status:1140: creating Examples/ConsoleTest/Makefile
config.status:1140: creating Examples/CursesTest/Makefile
config.status:1140: creating Man/Makefile
config.status:1140: creating Man/man3/Makefile
config.status:1140: creating Share/Makefile
config.status:1140: creating config.h
config.status:1368: executing depfiles commands
config.status:1368: executing libtool commands

## ---------------- ##
## Cache variables. ##
## ---------------- ##

ac_cv_build=x86_64-w64-mingw32
ac_cv_c_compiler_gnu=yes
ac_cv_c_const=yes
ac_cv_env_CC_set=
ac_cv_env_CC_value=
ac_cv_env_CFLAGS_set=
ac_cv_env_CFLAGS_value=
ac_cv_env_CPPFLAGS_set=
ac_cv_env_CPPFLAGS_value=
ac_cv_env_CPP_set=
ac_cv_env_CPP_value=
ac_cv_env_LDFLAGS_set=
ac_cv_env_LDFLAGS_value=
ac_cv_env_LIBS_set=
ac_cv_env_LIBS_value=
ac_cv_env_build_alias_set=
ac_cv_env_build_alias_value=
ac_cv_env_host_alias_set=set
ac_cv_env_host_alias_value=x86_64-w64-mingw32
ac_cv_env_target_alias_set=
ac_cv_env_target_alias_value=
ac_cv_exeext=.exe
ac_cv_func_calloc=yes
ac_cv_func_ctime=yes
ac_cv_func_fclose=yes
ac_cv_func_fopen=yes
ac_cv_func_fprintf=yes
ac_cv_func_free=yes
ac_cv_func_malloc=yes
ac_cv_func_realloc=yes
ac_cv_func_setvbuf=yes
ac_cv_func_strcpy=yes
ac_cv_func_strerror=yes
ac_cv_func_time=yes
ac_cv_header_assert_h=yes
ac_cv_header_ctype_h=yes
ac_cv_header_dlfcn_h=no
ac_cv_header_file_h=no
ac_cv_header_inttypes_h=yes
ac_cv_header_math_h=yes
ac_cv_header_memory_h=yes
ac_cv_header_stdc=yes
ac_cv_header_stdint_h=yes
ac_cv_header_stdio_h=yes
ac_cv_header_stdlib_h=yes
ac_cv_header_string_h=yes
ac_cv_header_strings_h=yes
ac_cv_header_sys_stat_h=yes
ac_cv_header_sys_types_h=yes
ac_cv_header_unistd_h=yes
ac_cv_host=x86_64-w64-mingw32
ac_cv_lib_c_main=no
ac_cv_objext=o
ac_cv_path_EGREP='/usr/bin/grep -E'
ac_cv_path_FGREP='/usr/bin/grep -F'
ac_cv_path_GREP=/usr/bin/grep
ac_cv_path_SED=/usr/bin/sed
ac_cv_path_install='/usr/bin/install -c'
ac_cv_path_mkdir=/usr/bin/mkdir
ac_cv_prog_AWK=gawk
ac_cv_prog_CC=x86_64-w64-mingw32-gcc
ac_cv_prog_CPP='x86_64-w64-mingw32-gcc -E'
ac_cv_prog_STRIP=strip
ac_cv_prog_ac_ct_AR=ar
ac_cv_prog_ac_ct_OBJDUMP=objdump
ac_cv_prog_ac_ct_RANLIB=ranlib
ac_cv_prog_ac_ct_STRIP=strip
ac_cv_prog_cc_c89=
ac_cv_prog_cc_g=yes
ac_cv_prog_make_make_set=yes
am_cv_CC_dependencies_compiler_type=gcc3
lt_cv_deplibs_check_method='file_magic ^x86 archive import|^x86 DLL'
lt_cv_file_magic_cmd=func_win32_libid
lt_cv_file_magic_test_file=
lt_cv_ld_reload_flag=-r
lt_cv_nm_interface='BSD nm'
lt_cv_objdir=.libs
lt_cv_path_LD=C:/msys64/mingw64/x86_64-w64-mingw32/bin/ld.exe
lt_cv_path_NM='/mingw64/bin/nm -B'
lt_cv_prog_compiler_c_o=yes
lt_cv_prog_compiler_pic_works=yes
lt_cv_prog_compiler_rtti_exceptions=no
lt_cv_prog_compiler_static_works=yes
lt_cv_prog_gnu_ld=yes
lt_cv_sys_global_symbol_pipe='sed -n -e '\''s/^.*[	 ]\([ABCDGIRSTW][ABCDGIRSTW]*\)[	 ][	 ]*\([_A-Za-z][_A-Za-z0-9]*\)\{0,1\}$/\1 \2 \2/p'\'''
lt_cv_sys_global_symbol_to_c_name_address='sed -n -e '\''s/^: \([^ ]*\) $/  {\"\1\", (void *) 0},/p'\'' -e '\''s/^[ABCDGIRSTW]* \([^ ]*\) \([^ ]*\)$/  {"\2", (void *) \&\2},/p'\'''
lt_cv_sys_global_symbol_to_c_name_address_lib_prefix='sed -n -e '\''s/^: \([^ ]*\) $/  {\"\1\", (void *) 0},/p'\'' -e '\''s/^[ABCDGIRSTW]* \([^ ]*\) \(lib[^ ]*\)$/  {"\2", (void *) \&\2},/p'\'' -e '\''s/^[ABCDGIRSTW]* \([^ ]*\) \([^ ]*\)$/  {"lib\2", (void *) \&\2},/p'\'''
lt_cv_sys_global_symbol_to_cdecl='sed -n -e '\''s/^T .* \(.*\)$/extern int \1();/p'\'' -e '\''s/^[ABCDGIRSTW]* .* \(.*\)$/extern char \1;/p'\'''
lt_cv_sys_max_cmd_len=8192

## ----------------- ##
## Output variables. ##
## ----------------- ##

ACLOCAL='aclocal-1.11'
AMDEPBACKSLASH='\'
AMDEP_FALSE='#'
AMDEP_TRUE=''
AMTAR='tar'
AR='ar'
AUTOCONF='autoconf'
AUTOHEADER='autoheader'
AUTOMAKE='automake-1.11'
AWK='gawk'
BUILD_AUTOMATED='TRUE'
BUILD_BASIC='TRUE'
BUILD_CONSOLE='TRUE'
BUILD_CURSES='FALSE'
BUILD_EXAMPLES='FALSE'
BUILD_TEST='FALSE'
CC='x86_64-w64-mingw32-gcc'
CCDEPMODE='depmode=gcc3'
CFLAGS=' -DRELEASE=@RELEASE@ -Wall -W -pedantic -Wshadow -ansi -I/home/Administrator/CUnit/CUnit/Headers'
CPP='x86_64-w64-mingw32-gcc -E'
CPPFLAGS=''
CURSES_LIB=''
CYGPATH_W='cygpath -w'
DEFS='-DHAVE_CONFIG_H'
DEPDIR='.deps'
DSYMUTIL=''
DUMPBIN=''
ECHO_C=''
ECHO_N='-n'
ECHO_T=''
EGREP='/usr/bin/grep -E'
ENABLE_AUTOMATED_FALSE='#'
ENABLE_AUTOMATED_TRUE=''
ENABLE_BASIC_FALSE='#'
ENABLE_BASIC_TRUE=''
ENABLE_CONSOLE_FALSE='#'
ENABLE_CONSOLE_TRUE=''
ENABLE_CURSES_FALSE=''
ENABLE_CURSES_TRUE='#'
ENABLE_DEBUG='FALSE'
ENABLE_DEPRECATED='FALSE'
ENABLE_EXAMPLES_FALSE=''
ENABLE_EXAMPLES_TRUE='#'
ENABLE_MEMTRACE='FALSE'
ENABLE_TEST_FALSE=''
ENABLE_TEST_TRUE='#'
EXEEXT='.exe'
FGREP='/usr/bin/grep -F'
GREP='/usr/bin/grep'
INSTALL_DATA='${INSTALL} -m 644'
INSTALL_PROGRAM='${INSTALL}'
INSTALL_SCRIPT='${INSTALL}'
INSTALL_STRIP_PROGRAM='$(install_sh) -c -s'
LD='C:/msys64/mingw64/x86_64-w64-mingw32/bin/ld.exe'
LDFLAGS=' -L/home/Administrator/CUnit/CUnit/Sources'
LIBOBJS=''
LIBS=''
LIBTOOL='$(SHELL) $(top_builddir)/libtool'
LIBTOOL_AGE='0'
LIBTOOL_CURRENT='1'
LIBTOOL_REVISION='1'
LIBTOOL_SUFFIX1='1'
LIBTOOL_SUFFIX='1.0.1'
LIPO=''
LN_S='cp -p'
LTLIBOBJS=''
MAKEINFO='makeinfo'
MKDIR_P='/usr/bin/mkdir -p'
NM='/mingw64/bin/nm -B'
NMEDIT=''
OBJDUMP='objdump'
OBJEXT='o'
OTOOL64=''
OTOOL=''
PACKAGE='CUnit'
PACKAGE_BUGREPORT=''
PACKAGE_NAME='CUnit'
PACKAGE_STRING='CUnit 2.1-2'
PACKAGE_TARNAME='cunit'
PACKAGE_URL=''
PACKAGE_VERSION='2.1-2'
PATH_SEPARATOR=':'
RANLIB='ranlib'
RELEASE='2'
SED='/usr/bin/sed'
SET_MAKE=''
SHELL='/bin/sh'
STRIP='strip'
VERSION='2.1'
VERSION_MAJOR='2'
VERSION_MINOR='1'
ac_ct_CC=''
ac_ct_DUMPBIN=''
am__EXEEXT_FALSE='#'
am__EXEEXT_TRUE=''
am__fastdepCC_FALSE='#'
am__fastdepCC_TRUE=''
am__include='include'
am__isrc=''
am__leading_dot='.'
am__quote=''
am__tar='${AMTAR} chof - "$$tardir"'
am__untar='${AMTAR} xf -'
bindir='${exec_prefix}/bin'
build='x86_64-w64-mingw32'
build_alias='x86_64-w64-mingw32'
build_cpu='x86_64'
build_os='mingw32'
build_vendor='w64'
datadir='${datarootdir}'
datarootdir='${prefix}/share'
docdir='${datarootdir}/doc/${PACKAGE_TARNAME}'
dvidir='${docdir}'
exec_prefix='${prefix}'
host='x86_64-w64-mingw32'
host_alias='x86_64-w64-mingw32'
host_cpu='x86_64'
host_os='mingw32'
host_vendor='w64'
htmldir='${docdir}'
includedir='${prefix}/include'
infodir='${datarootdir}/info'
install_sh='${SHELL} /home/Administrator/CUnit/install-sh'
libdir='${exec_prefix}/lib'
libexecdir='${exec_prefix}/libexec'
localedir='${datarootdir}/locale'
localstatedir='${prefix}/var'
lt_ECHO='echo'
mandir='${datarootdir}/man'
mkdir_p='/usr/bin/mkdir -p'
oldincludedir='/usr/include'
pdfdir='${docdir}'
prefix='/home/Administrator/CUnit/rel-2.1-w64'
program_transform_name='s,x,x,'
psdir='${docdir}'
sbindir='${exec_prefix}/sbin'
sharedstatedir='${prefix}/com'
sysconfdir='${prefix}/etc'
target_alias=''

## ----------- ##
## confdefs.h. ##
## ----------- ##

/* confdefs.h */
#define PACKAGE_NAME "CUnit"
#define PACKAGE_TARNAME "cunit"
#define PACKAGE_VERSION "2.1-2"
#define PACKAGE_STRING "CUnit 2.1-2"
#define PACKAGE_BUGREPORT ""
#define PACKAGE_URL ""
#define PACKAGE "CUnit"
#define VERSION "2.1-2"
#define STDC_HEADERS 1
#define HAVE_SYS_TYPES_H 1
#define HAVE_SYS_STAT_H 1
#define HAVE_STDLIB_H 1
#define HAVE_STRING_H 1
#define HAVE_MEMORY_H 1
#define HAVE_STRINGS_H 1
#define HAVE_INTTYPES_H 1
#define HAVE_STDINT_H 1
#define HAVE_UNISTD_H 1
#define LT_OBJDIR ".libs/"
#define STDC_HEADERS 1
#define HAVE_ASSERT_H 1
#define HAVE_CTYPE_H 1
#define HAVE_MATH_H 1
#define HAVE_STDIO_H 1
#define HAVE_STDLIB_H 1
#define HAVE_STRING_H 1

configure: exit 0
